# JRE version: OpenJDK Runtime Environment (Zulu 8.52.0.23-CA-win64) (8.0_282-b08) (build 1.8.0_282-b08)
# Java VM: OpenJDK 64-Bit Server VM (25.282-b08 mixed mode windows-amd64 compressed oops)
Heap:
 PSYoungGen      total 117248K, used 38435K [0x00000000d5580000, 0x00000000de300000, 0x0000000100000000)
  eden space 109056K, 29% used [0x00000000d5580000,0x00000000d748ce18,0x00000000dc000000)
  from space 8192K, 81% used [0x00000000dc880000,0x00000000dcefbf00,0x00000000dd080000)
  to   space 8704K, 0% used [0x00000000dc000000,0x00000000dc000000,0x00000000dc880000)
 ParOldGen       total 55808K, used 10997K [0x0000000080000000, 0x0000000083680000, 0x00000000d5580000)
  object space 55808K, 19% used [0x0000000080000000,0x0000000080abd530,0x0000000083680000)
 Metaspace       used 27347K, capacity 27820K, committed 28160K, reserved 1075200K
  class space    used 3108K, capacity 3277K, committed 3328K, reserved 1048576K
GC Heap History (10 events):
Event: 5.748 GC heap before
{Heap before GC invocations=9 (full 0):
 PSYoungGen      total 68096K, used 8982K [0x00000000d5580000, 0x00000000d9f80000, 0x0000000100000000)
  eden space 60416K, 8% used [0x00000000d5580000,0x00000000d5a44f00,0x00000000d9080000)
  from space 7680K, 53% used [0x00000000d9800000,0x00000000d9c00c00,0x00000000d9f80000)
  to   space 7680K, 0% used [0x00000000d9080000,0x00000000d9080000,0x00000000d9800000)
 ParOldGen       total 84992K, used 5700K [0x0000000080000000, 0x0000000085300000, 0x00000000d5580000)
  object space 84992K, 6% used [0x0000000080000000,0x0000000080591108,0x0000000085300000)
 Metaspace       used 20791K, capacity 21078K, committed 21296K, reserved 1069056K
  class space    used 2309K, capacity 2425K, committed 2432K, reserved 1048576K
Event: 5.755 GC heap after
Heap after GC invocations=9 (full 0):
 PSYoungGen      total 68096K, used 2138K [0x00000000d5580000, 0x00000000dc300000, 0x0000000100000000)
  eden space 60416K, 0% used [0x00000000d5580000,0x00000000d5580000,0x00000000d9080000)
  from space 7680K, 27% used [0x00000000d9080000,0x00000000d9296a08,0x00000000d9800000)
  to   space 7680K, 0% used [0x00000000dbb80000,0x00000000dbb80000,0x00000000dc300000)
 ParOldGen       total 84992K, used 7603K [0x0000000080000000, 0x0000000085300000, 0x00000000d5580000)
  object space 84992K, 8% used [0x0000000080000000,0x000000008076cd20,0x0000000085300000)
 Metaspace       used 20791K, capacity 21078K, committed 21296K, reserved 1069056K
  class space    used 2309K, capacity 2425K, committed 2432K, reserved 1048576K
}
Event: 5.755 GC heap before
{Heap before GC invocations=10 (full 1):
 PSYoungGen      total 68096K, used 2138K [0x00000000d5580000, 0x00000000dc300000, 0x0000000100000000)
  eden space 60416K, 0% used [0x00000000d5580000,0x00000000d5580000,0x00000000d9080000)
  from space 7680K, 27% used [0x00000000d9080000,0x00000000d9296a08,0x00000000d9800000)
  to   space 7680K, 0% used [0x00000000dbb80000,0x00000000dbb80000,0x00000000dc300000)
 ParOldGen       total 84992K, used 7603K [0x0000000080000000, 0x0000000085300000, 0x00000000d5580000)
  object space 84992K, 8% used [0x0000000080000000,0x000000008076cd20,0x0000000085300000)
 Metaspace       used 20791K, capacity 21078K, committed 21296K, reserved 1069056K
  class space    used 2309K, capacity 2425K, committed 2432K, reserved 1048576K
Event: 5.830 GC heap after
Heap after GC invocations=10 (full 1):
 PSYoungGen      total 68096K, used 0K [0x00000000d5580000, 0x00000000dc300000, 0x0000000100000000)
  eden space 60416K, 0% used [0x00000000d5580000,0x00000000d5580000,0x00000000d9080000)
  from space 7680K, 0% used [0x00000000d9080000,0x00000000d9080000,0x00000000d9800000)
  to   space 7680K, 0% used [0x00000000dbb80000,0x00000000dbb80000,0x00000000dc300000)
 ParOldGen       total 55808K, used 8418K [0x0000000080000000, 0x0000000083680000, 0x00000000d5580000)
  object space 55808K, 15% used [0x0000000080000000,0x0000000080838ae0,0x0000000083680000)
 Metaspace       used 20791K, capacity 21078K, committed 21296K, reserved 1069056K
  class space    used 2309K, capacity 2425K, committed 2432K, reserved 1048576K
}
Event: 6.769 GC heap before
{Heap before GC invocations=11 (full 1):
 PSYoungGen      total 68096K, used 60416K [0x00000000d5580000, 0x00000000dc300000, 0x0000000100000000)
  eden space 60416K, 100% used [0x00000000d5580000,0x00000000d9080000,0x00000000d9080000)
  from space 7680K, 0% used [0x00000000d9080000,0x00000000d9080000,0x00000000d9800000)
  to   space 7680K, 0% used [0x00000000dbb80000,0x00000000dbb80000,0x00000000dc300000)
 ParOldGen       total 55808K, used 8418K [0x0000000080000000, 0x0000000083680000, 0x00000000d5580000)
  object space 55808K, 15% used [0x0000000080000000,0x0000000080838ae0,0x0000000083680000)
 Metaspace       used 22077K, capacity 22398K, committed 22704K, reserved 1069056K
  class space    used 2416K, capacity 2542K, committed 2560K, reserved 1048576K
Event: 6.781 GC heap after
Heap after GC invocations=11 (full 1):
 PSYoungGen      total 84992K, used 2850K [0x00000000d5580000, 0x00000000dbe80000, 0x0000000100000000)
  eden space 81920K, 0% used [0x00000000d5580000,0x00000000d5580000,0x00000000da580000)
  from space 3072K, 92% used [0x00000000dbb80000,0x00000000dbe48aa8,0x00000000dbe80000)
  to   space 7680K, 0% used [0x00000000daf80000,0x00000000daf80000,0x00000000db700000)
 ParOldGen       total 55808K, used 8418K [0x0000000080000000, 0x0000000083680000, 0x00000000d5580000)
  object space 55808K, 15% used [0x0000000080000000,0x0000000080838ae0,0x0000000083680000)
 Metaspace       used 22077K, capacity 22398K, committed 22704K, reserved 1069056K
  class space    used 2416K, capacity 2542K, committed 2560K, reserved 1048576K
}
Event: 7.438 GC heap before
{Heap before GC invocations=12 (full 1):
 PSYoungGen      total 84992K, used 84770K [0x00000000d5580000, 0x00000000dbe80000, 0x0000000100000000)
  eden space 81920K, 100% used [0x00000000d5580000,0x00000000da580000,0x00000000da580000)
  from space 3072K, 92% used [0x00000000dbb80000,0x00000000dbe48aa8,0x00000000dbe80000)
  to   space 7680K, 0% used [0x00000000daf80000,0x00000000daf80000,0x00000000db700000)
 ParOldGen       total 55808K, used 8418K [0x0000000080000000, 0x0000000083680000, 0x00000000d5580000)
  object space 55808K, 15% used [0x0000000080000000,0x0000000080838ae0,0x0000000083680000)
 Metaspace       used 22565K, capacity 22878K, committed 23168K, reserved 1069056K
  class space    used 2462K, capacity 2574K, committed 2688K, reserved 1048576K
Event: 7.446 GC heap after
Heap after GC invocations=12 (full 1):
 PSYoungGen      total 99840K, used 545K [0x00000000d5580000, 0x00000000dd080000, 0x0000000100000000)
  eden space 92160K, 0% used [0x00000000d5580000,0x00000000d5580000,0x00000000daf80000)
  from space 7680K, 7% used [0x00000000daf80000,0x00000000db0085d0,0x00000000db700000)
  to   space 8192K, 0% used [0x00000000dc880000,0x00000000dc880000,0x00000000dd080000)
 ParOldGen       total 55808K, used 10877K [0x0000000080000000, 0x0000000083680000, 0x00000000d5580000)
  object space 55808K, 19% used [0x0000000080000000,0x0000000080a9f510,0x0000000083680000)
 Metaspace       used 22565K, capacity 22878K, committed 23168K, reserved 1069056K
  class space    used 2462K, capacity 2574K, committed 2688K, reserved 1048576K
}
Event: 8.699 GC heap before
{Heap before GC invocations=13 (full 1):
 PSYoungGen      total 99840K, used 92705K [0x00000000d5580000, 0x00000000dd080000, 0x0000000100000000)
  eden space 92160K, 100% used [0x00000000d5580000,0x00000000daf80000,0x00000000daf80000)
  from space 7680K, 7% used [0x00000000daf80000,0x00000000db0085d0,0x00000000db700000)
  to   space 8192K, 0% used [0x00000000dc880000,0x00000000dc880000,0x00000000dd080000)
 ParOldGen       total 55808K, used 10877K [0x0000000080000000, 0x0000000083680000, 0x00000000d5580000)
  object space 55808K, 19% used [0x0000000080000000,0x0000000080a9f510,0x0000000083680000)
 Metaspace       used 24489K, capacity 24888K, committed 25216K, reserved 1071104K
  class space    used 2748K, capacity 2883K, committed 2944K, reserved 1048576K
Event: 8.752 GC heap after
Heap after GC invocations=13 (full 1):
 PSYoungGen      total 117248K, used 6639K [0x00000000d5580000, 0x00000000de300000, 0x0000000100000000)
  eden space 109056K, 0% used [0x00000000d5580000,0x00000000d5580000,0x00000000dc000000)
  from space 8192K, 81% used [0x00000000dc880000,0x00000000dcefbf00,0x00000000dd080000)
  to   space 8704K, 0% used [0x00000000dc000000,0x00000000dc000000,0x00000000dc880000)
 ParOldGen       total 55808K, used 10997K [0x0000000080000000, 0x0000000083680000, 0x00000000d5580000)
  object space 55808K, 19% used [0x0000000080000000,0x0000000080abd530,0x0000000083680000)
 Metaspace       used 24489K, capacity 24888K, committed 25216K, reserved 1071104K
  class space    used 2748K, capacity 2883K, committed 2944K, reserved 1048576K
}

